2018-02-20 13:04:49 Debug: SHOW FULL COLUMNS FROM `add_limits`
2018-02-20 13:04:49 Debug: SHOW INDEXES FROM `add_limits`
2018-02-20 13:04:49 Debug: SELECT * FROM information_schema.key_column_usage AS kcu
            INNER JOIN information_schema.referential_constraints AS rc
            ON (
                kcu.CONSTRAINT_NAME = rc.CONSTRAINT_NAME
                AND kcu.CONSTRAINT_SCHEMA = rc.CONSTRAINT_SCHEMA
            )
            WHERE kcu.TABLE_SCHEMA = 'z_teachers' AND kcu.TABLE_NAME = 'add_limits' AND rc.TABLE_NAME = 'add_limits'
2018-02-20 13:04:49 Debug: SHOW TABLE STATUS WHERE Name = 'add_limits'
2018-02-20 13:04:49 Debug: SELECT AddLimits.id AS `AddLimits__id`, AddLimits.user_id AS `AddLimits__user_id`, AddLimits.type AS `AddLimits__type`, AddLimits.upto_limit AS `AddLimits__upto_limit`, AddLimits.created AS `AddLimits__created`, AddLimits.modified AS `AddLimits__modified` FROM add_limits AddLimits
2018-02-20 13:04:49 Debug: SHOW FULL COLUMNS FROM `users`
2018-02-20 13:04:49 Debug: SHOW INDEXES FROM `users`
2018-02-20 13:04:49 Debug: SELECT * FROM information_schema.key_column_usage AS kcu
            INNER JOIN information_schema.referential_constraints AS rc
            ON (
                kcu.CONSTRAINT_NAME = rc.CONSTRAINT_NAME
                AND kcu.CONSTRAINT_SCHEMA = rc.CONSTRAINT_SCHEMA
            )
            WHERE kcu.TABLE_SCHEMA = 'z_teachers' AND kcu.TABLE_NAME = 'users' AND rc.TABLE_NAME = 'users'
2018-02-20 13:04:49 Debug: SHOW TABLE STATUS WHERE Name = 'users'
2018-02-20 13:04:49 Debug: SHOW FULL COLUMNS FROM `countries`
2018-02-20 13:04:49 Debug: SHOW INDEXES FROM `countries`
2018-02-20 13:04:49 Debug: SELECT * FROM information_schema.key_column_usage AS kcu
            INNER JOIN information_schema.referential_constraints AS rc
            ON (
                kcu.CONSTRAINT_NAME = rc.CONSTRAINT_NAME
                AND kcu.CONSTRAINT_SCHEMA = rc.CONSTRAINT_SCHEMA
            )
            WHERE kcu.TABLE_SCHEMA = 'z_teachers' AND kcu.TABLE_NAME = 'countries' AND rc.TABLE_NAME = 'countries'
2018-02-20 13:04:49 Debug: SHOW TABLE STATUS WHERE Name = 'countries'
2018-02-20 13:04:52 Debug: SELECT AddLimits.id AS `AddLimits__id`, AddLimits.user_id AS `AddLimits__user_id`, AddLimits.type AS `AddLimits__type`, AddLimits.upto_limit AS `AddLimits__upto_limit`, AddLimits.created AS `AddLimits__created`, AddLimits.modified AS `AddLimits__modified` FROM add_limits AddLimits
2018-02-20 13:07:39 Debug: SHOW FULL COLUMNS FROM `add_limits`
2018-02-20 13:07:39 Debug: SHOW INDEXES FROM `add_limits`
2018-02-20 13:07:39 Debug: SELECT * FROM information_schema.key_column_usage AS kcu
            INNER JOIN information_schema.referential_constraints AS rc
            ON (
                kcu.CONSTRAINT_NAME = rc.CONSTRAINT_NAME
                AND kcu.CONSTRAINT_SCHEMA = rc.CONSTRAINT_SCHEMA
            )
            WHERE kcu.TABLE_SCHEMA = 'z_teachers' AND kcu.TABLE_NAME = 'add_limits' AND rc.TABLE_NAME = 'add_limits'
2018-02-20 13:07:39 Debug: SHOW TABLE STATUS WHERE Name = 'add_limits'
2018-02-20 13:07:39 Debug: SELECT AddLimits.id AS `AddLimits__id`, AddLimits.user_id AS `AddLimits__user_id`, AddLimits.type AS `AddLimits__type`, AddLimits.upto_limit AS `AddLimits__upto_limit`, AddLimits.created AS `AddLimits__created`, AddLimits.modified AS `AddLimits__modified` FROM add_limits AddLimits
2018-02-20 13:07:39 Debug: SHOW FULL COLUMNS FROM `users`
2018-02-20 13:07:39 Debug: SHOW INDEXES FROM `users`
2018-02-20 13:07:39 Debug: SELECT * FROM information_schema.key_column_usage AS kcu
            INNER JOIN information_schema.referential_constraints AS rc
            ON (
                kcu.CONSTRAINT_NAME = rc.CONSTRAINT_NAME
                AND kcu.CONSTRAINT_SCHEMA = rc.CONSTRAINT_SCHEMA
            )
            WHERE kcu.TABLE_SCHEMA = 'z_teachers' AND kcu.TABLE_NAME = 'users' AND rc.TABLE_NAME = 'users'
2018-02-20 13:07:39 Debug: SHOW TABLE STATUS WHERE Name = 'users'
2018-02-20 13:07:39 Debug: SHOW FULL COLUMNS FROM `countries`
2018-02-20 13:07:39 Debug: SHOW INDEXES FROM `countries`
2018-02-20 13:07:39 Debug: SELECT * FROM information_schema.key_column_usage AS kcu
            INNER JOIN information_schema.referential_constraints AS rc
            ON (
                kcu.CONSTRAINT_NAME = rc.CONSTRAINT_NAME
                AND kcu.CONSTRAINT_SCHEMA = rc.CONSTRAINT_SCHEMA
            )
            WHERE kcu.TABLE_SCHEMA = 'z_teachers' AND kcu.TABLE_NAME = 'countries' AND rc.TABLE_NAME = 'countries'
2018-02-20 13:07:39 Debug: SHOW TABLE STATUS WHERE Name = 'countries'
2018-02-20 13:07:42 Debug: SELECT AddLimits.id AS `AddLimits__id`, AddLimits.user_id AS `AddLimits__user_id`, AddLimits.type AS `AddLimits__type`, AddLimits.upto_limit AS `AddLimits__upto_limit`, AddLimits.created AS `AddLimits__created`, AddLimits.modified AS `AddLimits__modified` FROM add_limits AddLimits
2018-02-20 13:10:58 Debug: SHOW FULL COLUMNS FROM `add_limits`
2018-02-20 13:10:58 Debug: SHOW INDEXES FROM `add_limits`
2018-02-20 13:10:58 Debug: SELECT * FROM information_schema.key_column_usage AS kcu
            INNER JOIN information_schema.referential_constraints AS rc
            ON (
                kcu.CONSTRAINT_NAME = rc.CONSTRAINT_NAME
                AND kcu.CONSTRAINT_SCHEMA = rc.CONSTRAINT_SCHEMA
            )
            WHERE kcu.TABLE_SCHEMA = 'z_teachers' AND kcu.TABLE_NAME = 'add_limits' AND rc.TABLE_NAME = 'add_limits'
2018-02-20 13:10:58 Debug: SHOW TABLE STATUS WHERE Name = 'add_limits'
2018-02-20 13:10:58 Debug: SELECT AddLimits.id AS `AddLimits__id`, AddLimits.user_id AS `AddLimits__user_id`, AddLimits.type AS `AddLimits__type`, AddLimits.upto_limit AS `AddLimits__upto_limit`, AddLimits.created AS `AddLimits__created`, AddLimits.modified AS `AddLimits__modified` FROM add_limits AddLimits
2018-02-20 13:10:58 Debug: SHOW FULL COLUMNS FROM `users`
2018-02-20 13:10:58 Debug: SHOW INDEXES FROM `users`
2018-02-20 13:10:58 Debug: SELECT * FROM information_schema.key_column_usage AS kcu
            INNER JOIN information_schema.referential_constraints AS rc
            ON (
                kcu.CONSTRAINT_NAME = rc.CONSTRAINT_NAME
                AND kcu.CONSTRAINT_SCHEMA = rc.CONSTRAINT_SCHEMA
            )
            WHERE kcu.TABLE_SCHEMA = 'z_teachers' AND kcu.TABLE_NAME = 'users' AND rc.TABLE_NAME = 'users'
2018-02-20 13:10:58 Debug: SHOW TABLE STATUS WHERE Name = 'users'
2018-02-20 13:10:58 Debug: SHOW FULL COLUMNS FROM `countries`
2018-02-20 13:10:58 Debug: SHOW INDEXES FROM `countries`
2018-02-20 13:10:58 Debug: SELECT * FROM information_schema.key_column_usage AS kcu
            INNER JOIN information_schema.referential_constraints AS rc
            ON (
                kcu.CONSTRAINT_NAME = rc.CONSTRAINT_NAME
                AND kcu.CONSTRAINT_SCHEMA = rc.CONSTRAINT_SCHEMA
            )
            WHERE kcu.TABLE_SCHEMA = 'z_teachers' AND kcu.TABLE_NAME = 'countries' AND rc.TABLE_NAME = 'countries'
2018-02-20 13:10:58 Debug: SHOW TABLE STATUS WHERE Name = 'countries'
2018-02-20 13:11:02 Debug: SELECT AddLimits.id AS `AddLimits__id`, AddLimits.user_id AS `AddLimits__user_id`, AddLimits.type AS `AddLimits__type`, AddLimits.upto_limit AS `AddLimits__upto_limit`, AddLimits.created AS `AddLimits__created`, AddLimits.modified AS `AddLimits__modified` FROM add_limits AddLimits
2018-02-20 13:11:51 Debug: SELECT AddLimits.id AS `AddLimits__id`, AddLimits.user_id AS `AddLimits__user_id`, AddLimits.type AS `AddLimits__type`, AddLimits.upto_limit AS `AddLimits__upto_limit`, AddLimits.created AS `AddLimits__created`, AddLimits.modified AS `AddLimits__modified` FROM add_limits AddLimits
2018-02-20 13:13:46 Debug: SHOW FULL COLUMNS FROM `add_limits`
2018-02-20 13:13:46 Debug: SHOW INDEXES FROM `add_limits`
2018-02-20 13:13:46 Debug: SELECT * FROM information_schema.key_column_usage AS kcu
            INNER JOIN information_schema.referential_constraints AS rc
            ON (
                kcu.CONSTRAINT_NAME = rc.CONSTRAINT_NAME
                AND kcu.CONSTRAINT_SCHEMA = rc.CONSTRAINT_SCHEMA
            )
            WHERE kcu.TABLE_SCHEMA = 'z_teachers' AND kcu.TABLE_NAME = 'add_limits' AND rc.TABLE_NAME = 'add_limits'
2018-02-20 13:13:46 Debug: SHOW TABLE STATUS WHERE Name = 'add_limits'
2018-02-20 13:13:46 Debug: SELECT AddLimits.id AS `AddLimits__id`, AddLimits.user_id AS `AddLimits__user_id`, AddLimits.type AS `AddLimits__type`, AddLimits.upto_limit AS `AddLimits__upto_limit`, AddLimits.created AS `AddLimits__created`, AddLimits.modified AS `AddLimits__modified` FROM add_limits AddLimits
2018-02-20 13:13:46 Debug: SHOW FULL COLUMNS FROM `users`
2018-02-20 13:13:46 Debug: SHOW INDEXES FROM `users`
2018-02-20 13:13:46 Debug: SELECT * FROM information_schema.key_column_usage AS kcu
            INNER JOIN information_schema.referential_constraints AS rc
            ON (
                kcu.CONSTRAINT_NAME = rc.CONSTRAINT_NAME
                AND kcu.CONSTRAINT_SCHEMA = rc.CONSTRAINT_SCHEMA
            )
            WHERE kcu.TABLE_SCHEMA = 'z_teachers' AND kcu.TABLE_NAME = 'users' AND rc.TABLE_NAME = 'users'
2018-02-20 13:13:46 Debug: SHOW TABLE STATUS WHERE Name = 'users'
2018-02-20 13:13:46 Debug: SHOW FULL COLUMNS FROM `countries`
2018-02-20 13:13:46 Debug: SHOW INDEXES FROM `countries`
2018-02-20 13:13:46 Debug: SELECT * FROM information_schema.key_column_usage AS kcu
            INNER JOIN information_schema.referential_constraints AS rc
            ON (
                kcu.CONSTRAINT_NAME = rc.CONSTRAINT_NAME
                AND kcu.CONSTRAINT_SCHEMA = rc.CONSTRAINT_SCHEMA
            )
            WHERE kcu.TABLE_SCHEMA = 'z_teachers' AND kcu.TABLE_NAME = 'countries' AND rc.TABLE_NAME = 'countries'
2018-02-20 13:13:46 Debug: SHOW TABLE STATUS WHERE Name = 'countries'
2018-02-20 13:13:46 Debug: SELECT Users.id AS `Users__id`, Users.username AS `Users__username`, Users.email AS `Users__email`, Users.password AS `Users__password`, Users.group_id AS `Users__group_id`, Users.first_name AS `Users__first_name`, Users.last_name AS `Users__last_name`, Users.classroom AS `Users__classroom`, Users.image AS `Users__image`, Users.is_trial AS `Users__is_trial`, Users.is_paid AS `Users__is_paid`, Users.is_free_used AS `Users__is_free_used`, Users.product_id AS `Users__product_id`, Users.user_type AS `Users__user_type`, Users.gender AS `Users__gender`, Users.dob AS `Users__dob`, Users.mobile AS `Users__mobile`, Users.zipcode AS `Users__zipcode`, Users.address AS `Users__address`, Users.city AS `Users__city`, Users.country_id AS `Users__country_id`, Users.sessionId AS `Users__sessionId`, Users.verification_token AS `Users__verification_token`, Users.forgotpass_token AS `Users__forgotpass_token`, Users.is_verified AS `Users__is_verified`, Users.status_id AS `Users__status_id`, Users.is_active AS `Users__is_active`, Users.last_login AS `Users__last_login`, Users.created AS `Users__created`, Users.modified AS `Users__modified`, Countries.id AS `Countries__id`, Countries.country AS `Countries__country`, Countries.country_code AS `Countries__country_code`, Countries.country_code_iso3 AS `Countries__country_code_iso3`, Countries.is_publish AS `Countries__is_publish` FROM users Users LEFT JOIN countries Countries ON Countries.id = (Users.country_id) WHERE (group_id = 2 AND NOT (Users.id = 27)) ORDER BY Users.id desc LIMIT 20 OFFSET 0
2018-02-20 13:13:46 Debug: SELECT (COUNT(*)) AS `count` FROM users Users LEFT JOIN countries Countries ON Countries.id = (Users.country_id) WHERE (group_id = 2 AND NOT (Users.id = 27))
2018-02-20 13:15:08 Debug: SELECT AddLimits.id AS `AddLimits__id`, AddLimits.user_id AS `AddLimits__user_id`, AddLimits.type AS `AddLimits__type`, AddLimits.upto_limit AS `AddLimits__upto_limit`, AddLimits.created AS `AddLimits__created`, AddLimits.modified AS `AddLimits__modified` FROM add_limits AddLimits
2018-02-20 13:15:08 Debug: SELECT AddLimits.id AS `AddLimits__id`, AddLimits.user_id AS `AddLimits__user_id`, AddLimits.type AS `AddLimits__type`, AddLimits.upto_limit AS `AddLimits__upto_limit`, AddLimits.created AS `AddLimits__created`, AddLimits.modified AS `AddLimits__modified` FROM add_limits AddLimits
2018-02-20 13:18:21 Debug: SHOW FULL COLUMNS FROM `add_limits`
2018-02-20 13:18:21 Debug: SHOW INDEXES FROM `add_limits`
2018-02-20 13:18:21 Debug: SELECT * FROM information_schema.key_column_usage AS kcu
            INNER JOIN information_schema.referential_constraints AS rc
            ON (
                kcu.CONSTRAINT_NAME = rc.CONSTRAINT_NAME
                AND kcu.CONSTRAINT_SCHEMA = rc.CONSTRAINT_SCHEMA
            )
            WHERE kcu.TABLE_SCHEMA = 'z_teachers' AND kcu.TABLE_NAME = 'add_limits' AND rc.TABLE_NAME = 'add_limits'
2018-02-20 13:18:21 Debug: SHOW TABLE STATUS WHERE Name = 'add_limits'
2018-02-20 13:18:21 Debug: SELECT AddLimits.id AS `AddLimits__id`, AddLimits.user_id AS `AddLimits__user_id`, AddLimits.type AS `AddLimits__type`, AddLimits.upto_limit AS `AddLimits__upto_limit`, AddLimits.created AS `AddLimits__created`, AddLimits.modified AS `AddLimits__modified` FROM add_limits AddLimits
2018-02-20 13:18:21 Debug: SHOW FULL COLUMNS FROM `users`
2018-02-20 13:18:21 Debug: SHOW INDEXES FROM `users`
2018-02-20 13:18:21 Debug: SELECT * FROM information_schema.key_column_usage AS kcu
            INNER JOIN information_schema.referential_constraints AS rc
            ON (
                kcu.CONSTRAINT_NAME = rc.CONSTRAINT_NAME
                AND kcu.CONSTRAINT_SCHEMA = rc.CONSTRAINT_SCHEMA
            )
            WHERE kcu.TABLE_SCHEMA = 'z_teachers' AND kcu.TABLE_NAME = 'users' AND rc.TABLE_NAME = 'users'
2018-02-20 13:18:21 Debug: SHOW TABLE STATUS WHERE Name = 'users'
2018-02-20 13:18:21 Debug: SHOW FULL COLUMNS FROM `countries`
2018-02-20 13:18:21 Debug: SHOW INDEXES FROM `countries`
2018-02-20 13:18:21 Debug: SELECT * FROM information_schema.key_column_usage AS kcu
            INNER JOIN information_schema.referential_constraints AS rc
            ON (
                kcu.CONSTRAINT_NAME = rc.CONSTRAINT_NAME
                AND kcu.CONSTRAINT_SCHEMA = rc.CONSTRAINT_SCHEMA
            )
            WHERE kcu.TABLE_SCHEMA = 'z_teachers' AND kcu.TABLE_NAME = 'countries' AND rc.TABLE_NAME = 'countries'
2018-02-20 13:18:21 Debug: SHOW TABLE STATUS WHERE Name = 'countries'
